CRITICAL [twisted] ( _legacy.py:154, in publishToNewObserver) ______ Unhandled error in Deferred:
CRITICAL [twisted] ( _legacy.py:154, in publishToNewObserver) ______ 
Traceback (most recent call last):
  File "/usr/local/lib/python2.7/dist-packages/twisted/internet/defer.py", line 1128, in _inlineCallbacks
    result = g.send(result)
  File "/usr/local/lib/python2.7/dist-packages/scrapy/crawler.py", line 90, in crawl
    six.reraise(*exc_info)
  File "/usr/local/lib/python2.7/dist-packages/scrapy/crawler.py", line 72, in crawl
    self.engine = self._create_engine()
  File "/usr/local/lib/python2.7/dist-packages/scrapy/crawler.py", line 97, in _create_engine
    return ExecutionEngine(self, lambda _: self.stop())
  File "/usr/local/lib/python2.7/dist-packages/scrapy/core/engine.py", line 69, in __init__
    self.scraper = Scraper(crawler)
  File "/usr/local/lib/python2.7/dist-packages/scrapy/core/scraper.py", line 71, in __init__
    self.itemproc = itemproc_cls.from_crawler(crawler)
  File "/usr/local/lib/python2.7/dist-packages/scrapy/middleware.py", line 58, in from_crawler
    return cls.from_settings(crawler.settings, crawler)
  File "/usr/local/lib/python2.7/dist-packages/scrapy/middleware.py", line 34, in from_settings
    mwcls = load_object(clspath)
  File "/usr/local/lib/python2.7/dist-packages/scrapy/utils/misc.py", line 44, in load_object
    mod = import_module(module)
  File "/usr/lib/python2.7/importlib/__init__.py", line 37, in import_module
    __import__(name)
  File "/home/b/Documents/github/mawto-getnews/getnews/pipelines.py", line 13, in <module>
    import url_normalize
  File "/usr/local/lib/python2.7/dist-packages/url_normalize/__init__.py", line 1, in <module>
    from .url_normalize import url_normalize  # NOQA
  File "/usr/local/lib/python2.7/dist-packages/url_normalize/url_normalize.py", line 38, in <module>
    from urllib.parse import urlsplit, urlunsplit
ImportError: No module named parse
