ERROR [scrapy] ( scraper.py:234, in _itemproc_finished) ______ Error processing {'category': 'Business',
 'extras': [],
 'extraslink': [],
 'gpost': [],
 'gpostsnip': [],
 'link': u'http://www.yourrenewablenews.com/wind+turbine+components+industry+-+the+structure+of+a+modern+wind+turbine%3B+an+overview+2016+%E2%80%93+2024_132992.html',
 'originallink': [u'http://www.yourrenewablenews.com/wind+turbine+components+industry+-+the+structure+of+a+modern+wind+turbine%3B+an+overview+2016+%E2%80%93+2024_132992.html'],
 'related': [],
 'snippet': [u'Wind energy is gaining priority over fossil fuels in the power mix of both developed and developing nations as it is capable of addressing power requirements of nations in an environmentally sustainable way.'],
 'sublinks': [],
 'topstory': [u'Wind turbine components industry - The structure of a modern wind turbine; an overview 2016 \u2013 2024']}
Traceback (most recent call last):
  File "/usr/local/lib/python2.7/dist-packages/twisted/internet/defer.py", line 588, in _runCallbacks
    current.result = callback(current.result, *args, **kw)
  File "/home/b/Documents/github/mawto-getnews/getnews/pipelines.py", line 90, in process_item
    dbid = hashlib.sha1(urltools.normalize(url)).hexdigest()
  File "/usr/local/lib/python2.7/dist-packages/urltools/urltools.py", line 91, in normalize
    path = normalize_path(parts.path)
  File "/usr/local/lib/python2.7/dist-packages/urltools/urltools.py", line 211, in normalize_path
    npath = normpath(unquote(path, exceptions=QUOTE_EXCEPTIONS['path']))
  File "/usr/local/lib/python2.7/dist-packages/urltools/urltools.py", line 267, in unquote
    res.append(c + h[2:])
UnicodeDecodeError: 'utf8' codec can't decode byte 0x93 in position 0: invalid start byte
